TN:
SF:src\entities\Permission.entity.ts
FN:30,(anonymous_2)
FN:30,(anonymous_3)
FNF:2
FNH:0
FNDA:0,(anonymous_2)
FNDA:0,(anonymous_3)
DA:1,1
DA:7,1
DA:10,1
DA:12,1
DA:15,1
DA:25,1
DA:28,1
DA:30,0
DA:31,1
LF:9
LH:8
BRF:0
BRH:0
end_of_record
TN:
SF:src\entities\Role.entity.ts
FN:35,(anonymous_2)
FN:39,(anonymous_3)
FN:39,(anonymous_4)
FN:42,(anonymous_5)
FN:42,(anonymous_6)
FNF:5
FNH:0
FNDA:0,(anonymous_2)
FNDA:0,(anonymous_3)
FNDA:0,(anonymous_4)
FNDA:0,(anonymous_5)
FNDA:0,(anonymous_6)
DA:1,1
DA:8,1
DA:9,1
DA:12,1
DA:14,1
DA:17,1
DA:27,1
DA:30,1
DA:35,0
DA:37,1
DA:39,0
DA:40,1
DA:42,0
DA:43,1
LF:14
LH:11
BRF:0
BRH:0
end_of_record
TN:
SF:src\entities\RolePermission.entity.ts
FN:18,(anonymous_2)
FN:18,(anonymous_3)
FN:25,(anonymous_4)
FN:25,(anonymous_5)
FNF:4
FNH:0
FNDA:0,(anonymous_2)
FNDA:0,(anonymous_3)
FNDA:0,(anonymous_4)
FNDA:0,(anonymous_5)
DA:1,1
DA:9,1
DA:10,1
DA:14,1
DA:16,1
DA:18,0
DA:23,1
DA:25,0
DA:30,1
DA:38,1
LF:10
LH:8
BRF:0
BRH:0
end_of_record
TN:
SF:src\entities\User.entity.ts
FN:49,(anonymous_2)
FN:49,(anonymous_3)
FN:88,(anonymous_4)
FN:95,(anonymous_5)
FNF:4
FNH:0
FNDA:0,(anonymous_2)
FNDA:0,(anonymous_3)
FNDA:0,(anonymous_4)
FNDA:0,(anonymous_5)
DA:1,1
DA:10,1
DA:13,1
DA:15,1
DA:25,1
DA:29,1
DA:32,1
DA:35,1
DA:38,1
DA:41,1
DA:44,1
DA:47,1
DA:49,0
DA:51,1
DA:60,1
DA:67,1
DA:76,1
DA:83,1
DA:88,0
DA:90,1
DA:95,0
DA:97,1
LF:22
LH:19
BRF:0
BRH:0
end_of_record
TN:
SF:src\repositories\UserRepository.ts
FN:15,(anonymous_0)
FN:24,(anonymous_1)
FN:35,(anonymous_2)
FN:47,(anonymous_3)
FN:61,(anonymous_4)
FN:94,(anonymous_5)
FNF:6
FNH:6
FNDA:2,(anonymous_0)
FNDA:18,(anonymous_1)
FNDA:4,(anonymous_2)
FNDA:3,(anonymous_3)
FNDA:8,(anonymous_4)
FNDA:4,(anonymous_5)
DA:1,1
DA:2,1
DA:14,1
DA:16,2
DA:17,2
DA:21,1
DA:25,18
DA:26,18
DA:28,18
DA:36,4
DA:37,3
DA:48,3
DA:49,2
DA:62,8
DA:64,8
DA:75,8
DA:76,8
DA:78,3
DA:82,2
DA:84,1
DA:95,4
DA:96,4
DA:98,3
DA:99,3
DA:100,3
LF:25
LH:25
BRDA:36,0,0,1
BRDA:48,1,0,1
BRDA:78,2,0,2
BRDA:79,3,0,3
BRDA:79,3,1,2
BRDA:96,4,0,1
BRF:6
BRH:6
end_of_record
TN:
SF:src\services\PasswordService.ts
FN:17,(anonymous_1)
FN:28,(anonymous_2)
FN:39,(anonymous_3)
FN:47,(anonymous_4)
FNF:4
FNH:4
FNDA:20,(anonymous_1)
FNDA:14,(anonymous_2)
FNDA:11,(anonymous_3)
FNDA:4,(anonymous_4)
DA:1,1
DA:14,1
DA:18,20
DA:19,4
DA:21,16
DA:29,14
DA:30,1
DA:32,13
DA:40,11
DA:41,3
DA:43,8
DA:48,4
LF:12
LH:12
BRDA:17,0,0,2
BRDA:18,1,0,4
BRDA:18,2,0,20
BRDA:18,2,1,19
BRDA:18,2,2,17
BRDA:29,3,0,1
BRDA:40,4,0,3
BRDA:40,5,0,11
BRDA:40,5,1,9
BRF:9
BRH:9
end_of_record
